<?xml version="1.0" encoding="UTF-8"?>
<testng-results ignored="0" total="0" passed="0" failed="0" skipped="0">
  <reporter-output>
  </reporter-output>
  <suite started-at="2024-08-28T12:12:04 IST" name="All Test Suite" finished-at="2024-08-28T12:12:04 IST" duration-ms="9">
    <groups>
    </groups>
    <test started-at="2024-08-28T12:12:04 IST" name="Login" finished-at="2024-08-28T12:12:04 IST" duration-ms="9">
      <class name="org.pspl.TestUtils.IOSBaseTest">
        <test-method is-config="true" signature="ConfigureAppium()[pri:0, instance:org.pspl.TestUtils.IOSBaseTest@598bd2ba]" started-at="2024-08-28T12:11:23 IST" name="ConfigureAppium" finished-at="2024-08-28T12:12:04 IST" duration-ms="40107" status="PASS">
          <reporter-output>
          </reporter-output>
        </test-method> <!-- ConfigureAppium -->
        <test-method is-config="true" signature="terminate()[pri:0, instance:org.pspl.TestUtils.IOSBaseTest@598bd2ba]" started-at="2024-08-28T12:12:06 IST" name="terminate" finished-at="2024-08-28T12:12:06 IST" duration-ms="1" status="PASS">
          <reporter-output>
          </reporter-output>
        </test-method> <!-- terminate -->
      </class> <!-- org.pspl.TestUtils.IOSBaseTest -->
    </test> <!-- Login -->
  </suite> <!-- All Test Suite -->
</testng-results>
