<?xml version="1.0" encoding="UTF-8"?>
<!-- Generated by org.testng.reporters.JUnitReportReporter -->
<testsuite hostname="197MUMMB50922" failures="0" tests="10" name="org.pspl.PreInvestHome" time="39.785" errors="0" timestamp="2024-08-28T11:33:13 IST" skipped="0">
  <testcase classname="org.pspl.PreInvestHome" name="redirectPreInvest" time="11.093"/>
  <testcase classname="org.pspl.PreInvestHome" name="validatePreInvestHeader" time="7.153"/>
  <testcase classname="org.pspl.PreInvestHome" name="validateAmount" time="1.192"/>
  <testcase classname="org.pspl.PreInvestHome" name="validateDefaultFundDetails" time="0.401"/>
  <testcase classname="org.pspl.PreInvestHome" name="validatePreInvestLabels" time="2.744"/>
  <testcase classname="org.pspl.PreInvestHome" name="validateViewFundDetailsRedirection" time="6.073"/>
  <testcase classname="org.pspl.PreInvestHome" name="validateChangeFundRedirection" time="6.090"/>
  <testcase classname="org.pspl.PreInvestHome" name="validateFundDetailsHeader" time="2.598"/>
  <testcase classname="org.pspl.PreInvestHome" name="validateFundDetails" time="1.924"/>
  <testcase classname="org.pspl.PreInvestHome" name="redirectPANPage" time="0.517"/>
</testsuite> <!-- org.pspl.PreInvestHome -->
